0 info it worked if it ends with ok
1 verbose cli [
1 verbose cli   'C:\\Program Files\\nodejs\\node.exe',
1 verbose cli   'C:\\Program Files\\nodejs\\node_modules\\npm\\bin\\npm-cli.js',
1 verbose cli   'run',
1 verbose cli   'test',
1 verbose cli   '--no-cache'
1 verbose cli ]
2 info using npm@6.14.4
3 info using node@v12.18.0
4 verbose run-script [ 'pretest', 'test', 'posttest' ]
5 info lifecycle data-fetch@1.0.0~pretest: data-fetch@1.0.0
6 info lifecycle data-fetch@1.0.0~test: data-fetch@1.0.0
7 verbose lifecycle data-fetch@1.0.0~test: unsafe-perm in lifecycle true
8 verbose lifecycle data-fetch@1.0.0~test: PATH: C:\Program Files\nodejs\node_modules\npm\node_modules\npm-lifecycle\node-gyp-bin;C:\Users\karan\Documents\workspace\data-fetch-app\node_modules\.bin;C:\Python38\Scripts\;C:\Python38\;C:\Windows\system32;C:\Windows;C:\Windows\System32\Wbem;C:\Windows\System32\WindowsPowerShell\v1.0\;C:\Windows\System32\OpenSSH\;C:\Program Files (x86)\NVIDIA Corporation\PhysX\Common;C:\Program Files\NVIDIA Corporation\NVIDIA NvDLISR;C:\Program Files\nodejs\;C:\ProgramData\chocolatey\bin;C:\Program Files\Git\cmd;C:\Program Files\Git\mingw64\bin;C:\Program Files\Git\usr\bin;C:\Users\karan\AppData\Local\Microsoft\WindowsApps;C:\Users\karan\AppData\Roaming\npm;C:\Users\karan\AppData\Local\Programs\Microsoft VS Code\bin
9 verbose lifecycle data-fetch@1.0.0~test: CWD: C:\Users\karan\Documents\workspace\data-fetch-app
10 silly lifecycle data-fetch@1.0.0~test: Args: [ '/d /s /c', 'jest' ]
11 silly lifecycle data-fetch@1.0.0~test: Returned: code: 1  signal: null
12 info lifecycle data-fetch@1.0.0~test: Failed to exec test script
13 verbose stack Error: data-fetch@1.0.0 test: `jest`
13 verbose stack Exit status 1
13 verbose stack     at EventEmitter.<anonymous> (C:\Program Files\nodejs\node_modules\npm\node_modules\npm-lifecycle\index.js:332:16)
13 verbose stack     at EventEmitter.emit (events.js:315:20)
13 verbose stack     at ChildProcess.<anonymous> (C:\Program Files\nodejs\node_modules\npm\node_modules\npm-lifecycle\lib\spawn.js:55:14)
13 verbose stack     at ChildProcess.emit (events.js:315:20)
13 verbose stack     at maybeClose (internal/child_process.js:1021:16)
13 verbose stack     at Process.ChildProcess._handle.onexit (internal/child_process.js:286:5)
14 verbose pkgid data-fetch@1.0.0
15 verbose cwd C:\Users\karan\Documents\workspace\data-fetch-app
16 verbose Windows_NT 10.0.18363
17 verbose argv "C:\\Program Files\\nodejs\\node.exe" "C:\\Program Files\\nodejs\\node_modules\\npm\\bin\\npm-cli.js" "run" "test" "--no-cache"
18 verbose node v12.18.0
19 verbose npm  v6.14.4
20 error code ELIFECYCLE
21 error errno 1
22 error data-fetch@1.0.0 test: `jest`
22 error Exit status 1
23 error Failed at the data-fetch@1.0.0 test script.
23 error This is probably not a problem with npm. There is likely additional logging output above.
24 verbose exit [ 1, true ]
